<?xml version="1.0" encoding="UTF-8"?>
<!-- Generated by org.testng.reporters.JUnitReportReporter -->
<testsuite hostname="LAPTOP-L3VN8J93" failures="0" tests="1" name="testNG.Dropdown" time="9.270" errors="0" timestamp="2024-04-16T10:44:51 GMT-05:00" skipped="0">
  <testcase classname="testNG.Dropdown" name="test1" time="9.270"/>
</testsuite> <!-- testNG.Dropdown -->
