<?xml version="1.0" encoding="UTF-8"?>
<!-- Generated by org.testng.reporters.JUnitReportReporter -->
<testsuite hostname="LAPTOP-L3VN8J93" failures="0" tests="1" name="testNG.Invocationcount" time="0.014" errors="0" timestamp="2024-05-06T12:28:45 GMT-05:00" skipped="0">
  <testcase classname="testNG.Invocationcount" name="invocation" time="0.014"/>
</testsuite> <!-- testNG.Invocationcount -->
